<?xml version="1.0" encoding="UTF-8"?>
<robot generator="Robot 7.0 (Python 3.11.0 on win32)" generated="2024-11-15T09:56:39.956086" rpa="false" schemaversion="5">
<suite id="s1" name="TesteAPI" source="C:\CursoUdemy\RobotFramework\TesteAPI">
<suite id="s1-s1" name="Testes" source="C:\CursoUdemy\RobotFramework\TesteAPI\testes">
<suite id="s1-s1-s1" name="Api Teste Usuarios" source="C:\CursoUdemy\RobotFramework\TesteAPI\testes\api_teste_usuarios.robot">
<test id="s1-s1-s1-t1" name="Cenário 02: Cadastrar um usuário existente" line="12">
<kw name="Criar um usuário novo" owner="api_teste_usuarios">
<kw name="Generate Random String" owner="String">
<msg time="2024-11-15T09:56:40.122139" level="INFO">${palavra_aleatoria} = KEbE</msg>
<var>${palavra_aleatoria}</var>
<arg>length=4</arg>
<arg>chars=[LETTERS]</arg>
<doc>Generates a string with a desired ``length`` from the given ``chars``.</doc>
<status status="PASS" start="2024-11-15T09:56:40.122139" elapsed="0.000000"/>
</kw>
<kw name="Convert To Lower Case" owner="String">
<msg time="2024-11-15T09:56:40.123207" level="INFO">${palavra_aleatoria} = kebe</msg>
<var>${palavra_aleatoria}</var>
<arg>${palavra_aleatoria}</arg>
<doc>Converts string to lower case.</doc>
<status status="PASS" start="2024-11-15T09:56:40.122139" elapsed="0.001068"/>
</kw>
<kw name="Set Test Variable" owner="BuiltIn">
<msg time="2024-11-15T09:56:40.124133" level="INFO">${EMAIL_TESTE} = kebe@emailteste.com</msg>
<arg>${EMAIL_TESTE}</arg>
<arg>${palavra_aleatoria}@emailteste.com</arg>
<doc>Makes a variable available everywhere within the scope of the current test.</doc>
<status status="PASS" start="2024-11-15T09:56:40.123207" elapsed="0.000926"/>
</kw>
<kw name="Log" owner="BuiltIn">
<msg time="2024-11-15T09:56:40.125143" level="INFO">kebe@emailteste.com</msg>
<arg>${EMAIL_TESTE}</arg>
<doc>Logs the given message with the given level.</doc>
<status status="PASS" start="2024-11-15T09:56:40.125143" elapsed="0.000000"/>
</kw>
<status status="PASS" start="2024-11-15T09:56:40.121142" elapsed="0.004001"/>
</kw>
<kw name="Cadastrar o usuário criado na ServeRest" owner="api_teste_usuarios">
<kw name="Create Dictionary" owner="BuiltIn">
<msg time="2024-11-15T09:56:40.127126" level="INFO">${body} = {'nome': 'Fulano da Silva', 'email': 'kebe@emailteste.com', 'password': '1234', 'administrador': 'true'}</msg>
<var>${body}</var>
<arg>nome=Fulano da Silva</arg>
<arg>email=${email}</arg>
<arg>password=1234</arg>
<arg>administrador=true</arg>
<doc>Creates and returns a dictionary based on the given ``items``.</doc>
<status status="PASS" start="2024-11-15T09:56:40.126129" elapsed="0.000997"/>
</kw>
<kw name="Log" owner="BuiltIn">
<msg time="2024-11-15T09:56:40.128123" level="INFO">{'nome': 'Fulano da Silva', 'email': 'kebe@emailteste.com', 'password': '1234', 'administrador': 'true'}</msg>
<arg>${body}</arg>
<doc>Logs the given message with the given level.</doc>
<status status="PASS" start="2024-11-15T09:56:40.127126" elapsed="0.000997"/>
</kw>
<kw name="Criar Sessão na ServeRest" owner="api_teste_usuarios">
<kw name="Create Dictionary" owner="BuiltIn">
<msg time="2024-11-15T09:56:40.129120" level="INFO">${headers} = {'accept': 'application/json', 'Content-Type': 'application/json'}</msg>
<var>${headers}</var>
<arg>accept=application/json</arg>
<arg>Content-Type=application/json</arg>
<doc>Creates and returns a dictionary based on the given ``items``.</doc>
<status status="PASS" start="2024-11-15T09:56:40.129120" elapsed="0.000000"/>
</kw>
<kw name="Create Session" owner="RequestsLibrary">
<msg time="2024-11-15T09:56:40.130117" level="INFO">Creating Session using : alias=ServeRest, url=https://serverest.dev, headers={'accept': 'application/json', 'Content-Type': 'application/json'},                     cookies={}, auth=None, timeout=None, proxies=None, verify=False,                     debug=0 </msg>
<arg>alias=ServeRest</arg>
<arg>url=https://serverest.dev</arg>
<arg>headers=${headers}</arg>
<doc>Create Session: create a HTTP session to a server</doc>
<status status="PASS" start="2024-11-15T09:56:40.129120" elapsed="0.001164"/>
</kw>
<status status="PASS" start="2024-11-15T09:56:40.128123" elapsed="0.002161"/>
</kw>
<kw name="POST On Session" owner="RequestsLibrary">
<msg time="2024-11-15T09:56:40.628430" level="INFO">POST Request : url=https://serverest.dev/usuarios 
 path_url=/usuarios 
 headers={'User-Agent': 'python-requests/2.31.0', 'Accept-Encoding': 'gzip, deflate', 'accept': 'application/json', 'Connection': 'keep-alive', 'Content-Type': 'application/json', 'Content-Length': '104'} 
 body=b'{"nome": "Fulano da Silva", "email": "kebe@emailteste.com", "password": "1234", "administrador": "true"}' 
 </msg>
<msg time="2024-11-15T09:56:40.629240" level="INFO">POST Response : url=https://serverest.dev/usuarios 
 status=201, reason=Created 
 headers={'access-control-allow-origin': '*', 'x-dns-prefetch-control': 'off', 'x-frame-options': 'SAMEORIGIN', 'strict-transport-security': 'max-age=15552000; includeSubDomains', 'x-download-options': 'noopen', 'x-content-type-options': 'nosniff', 'x-xss-protection': '1; mode=block', 'content-type': 'application/json; charset=utf-8', 'X-Cloud-Trace-Context': '0babb30775c3a2d7215e61ea7127b9ed;o=1', 'Date': 'Fri, 15 Nov 2024 13:58:54 GMT', 'Server': 'Google Frontend', 'Content-Length': '82'} 
 body={
    "message": "Cadastro realizado com sucesso",
    "_id": "WS85lYc4xyPf7HgC"
} 
 </msg>
<msg time="2024-11-15T09:56:40.631237" level="INFO">C:\Users\Ligiane\AppData\Local\Programs\Python\Python311\Lib\site-packages\urllib3\connectionpool.py:1045: InsecureRequestWarning: Unverified HTTPS request is being made to host 'serverest.dev'. Adding certificate verification is strongly advised. See: https://urllib3.readthedocs.io/en/1.26.x/advanced-usage.html#ssl-warnings
  warnings.warn(</msg>
<msg time="2024-11-15T09:56:40.637933" level="INFO">${resposta} = &lt;Response [201]&gt;</msg>
<var>${resposta}</var>
<arg>alias=ServeRest</arg>
<arg>url=/usuarios</arg>
<arg>json=${body}</arg>
<arg>expected_status=${status_code_desejado}</arg>
<doc>Sends a POST request on a previously created HTTP Session.</doc>
<status status="PASS" start="2024-11-15T09:56:40.130284" elapsed="0.509000"/>
</kw>
<kw name="Log" owner="BuiltIn">
<msg time="2024-11-15T09:56:40.641280" level="INFO">{'message': 'Cadastro realizado com sucesso', '_id': 'WS85lYc4xyPf7HgC'}</msg>
<arg>${resposta.json()}</arg>
<doc>Logs the given message with the given level.</doc>
<status status="PASS" start="2024-11-15T09:56:40.639427" elapsed="0.002315"/>
</kw>
<kw name="Set Test Variable" owner="BuiltIn">
<msg time="2024-11-15T09:56:40.643730" level="INFO">${RESPOSTA} = {'message': 'Cadastro realizado com sucesso', '_id': 'WS85lYc4xyPf7HgC'}</msg>
<arg>${RESPOSTA}</arg>
<arg>${resposta.json()}</arg>
<doc>Makes a variable available everywhere within the scope of the current test.</doc>
<status status="PASS" start="2024-11-15T09:56:40.641742" elapsed="0.003012"/>
</kw>
<arg>email=${EMAIL_TESTE}</arg>
<arg>status_code_desejado=201</arg>
<status status="PASS" start="2024-11-15T09:56:40.126129" elapsed="0.518625"/>
</kw>
<kw name="Vou repetir o cadastro do usuário" owner="api_teste_usuarios">
<kw name="Cadastrar o usuário criado na ServeRest" owner="api_teste_usuarios">
<kw name="Create Dictionary" owner="BuiltIn">
<msg time="2024-11-15T09:56:40.648762" level="INFO">${body} = {'nome': 'Fulano da Silva', 'email': 'kebe@emailteste.com', 'password': '1234', 'administrador': 'true'}</msg>
<var>${body}</var>
<arg>nome=Fulano da Silva</arg>
<arg>email=${email}</arg>
<arg>password=1234</arg>
<arg>administrador=true</arg>
<doc>Creates and returns a dictionary based on the given ``items``.</doc>
<status status="PASS" start="2024-11-15T09:56:40.647749" elapsed="0.001013"/>
</kw>
<kw name="Log" owner="BuiltIn">
<msg time="2024-11-15T09:56:40.649790" level="INFO">{'nome': 'Fulano da Silva', 'email': 'kebe@emailteste.com', 'password': '1234', 'administrador': 'true'}</msg>
<arg>${body}</arg>
<doc>Logs the given message with the given level.</doc>
<status status="PASS" start="2024-11-15T09:56:40.648762" elapsed="0.002040"/>
</kw>
<kw name="Criar Sessão na ServeRest" owner="api_teste_usuarios">
<kw name="Create Dictionary" owner="BuiltIn">
<msg time="2024-11-15T09:56:40.653754" level="INFO">${headers} = {'accept': 'application/json', 'Content-Type': 'application/json'}</msg>
<var>${headers}</var>
<arg>accept=application/json</arg>
<arg>Content-Type=application/json</arg>
<doc>Creates and returns a dictionary based on the given ``items``.</doc>
<status status="PASS" start="2024-11-15T09:56:40.653113" elapsed="0.000641"/>
</kw>
<kw name="Create Session" owner="RequestsLibrary">
<msg time="2024-11-15T09:56:40.654764" level="INFO">Creating Session using : alias=ServeRest, url=https://serverest.dev, headers={'accept': 'application/json', 'Content-Type': 'application/json'},                     cookies={}, auth=None, timeout=None, proxies=None, verify=False,                     debug=0 </msg>
<arg>alias=ServeRest</arg>
<arg>url=https://serverest.dev</arg>
<arg>headers=${headers}</arg>
<doc>Create Session: create a HTTP session to a server</doc>
<status status="PASS" start="2024-11-15T09:56:40.653754" elapsed="0.002008"/>
</kw>
<status status="PASS" start="2024-11-15T09:56:40.650802" elapsed="0.004960"/>
</kw>
<kw name="POST On Session" owner="RequestsLibrary">
<msg time="2024-11-15T09:56:41.162054" level="INFO">POST Request : url=https://serverest.dev/usuarios 
 path_url=/usuarios 
 headers={'User-Agent': 'python-requests/2.31.0', 'Accept-Encoding': 'gzip, deflate', 'accept': 'application/json', 'Connection': 'keep-alive', 'Content-Type': 'application/json', 'Content-Length': '104'} 
 body=b'{"nome": "Fulano da Silva", "email": "kebe@emailteste.com", "password": "1234", "administrador": "true"}' 
 </msg>
<msg time="2024-11-15T09:56:41.164047" level="INFO">POST Response : url=https://serverest.dev/usuarios 
 status=400, reason=Bad Request 
 headers={'access-control-allow-origin': '*', 'x-dns-prefetch-control': 'off', 'x-frame-options': 'SAMEORIGIN', 'strict-transport-security': 'max-age=15552000; includeSubDomains', 'x-download-options': 'noopen', 'x-content-type-options': 'nosniff', 'x-xss-protection': '1; mode=block', 'content-type': 'application/json; charset=utf-8', 'X-Cloud-Trace-Context': 'fa89e8749828867b5819fdd47c2209f1', 'Date': 'Fri, 15 Nov 2024 13:58:54 GMT', 'Server': 'Google Frontend', 'Content-Length': '53'} 
 body={
    "message": "Este email já está sendo usado"
} 
 </msg>
<msg time="2024-11-15T09:56:41.165103" level="INFO">C:\Users\Ligiane\AppData\Local\Programs\Python\Python311\Lib\site-packages\urllib3\connectionpool.py:1045: InsecureRequestWarning: Unverified HTTPS request is being made to host 'serverest.dev'. Adding certificate verification is strongly advised. See: https://urllib3.readthedocs.io/en/1.26.x/advanced-usage.html#ssl-warnings
  warnings.warn(</msg>
<msg time="2024-11-15T09:56:41.169494" level="INFO">${resposta} = &lt;Response [400]&gt;</msg>
<var>${resposta}</var>
<arg>alias=ServeRest</arg>
<arg>url=/usuarios</arg>
<arg>json=${body}</arg>
<arg>expected_status=${status_code_desejado}</arg>
<doc>Sends a POST request on a previously created HTTP Session.</doc>
<status status="PASS" start="2024-11-15T09:56:40.655762" elapsed="0.515746"/>
</kw>
<kw name="Log" owner="BuiltIn">
<msg time="2024-11-15T09:56:41.174493" level="INFO">{'message': 'Este email já está sendo usado'}</msg>
<arg>${resposta.json()}</arg>
<doc>Logs the given message with the given level.</doc>
<status status="PASS" start="2024-11-15T09:56:41.172494" elapsed="0.001999"/>
</kw>
<kw name="Set Test Variable" owner="BuiltIn">
<msg time="2024-11-15T09:56:41.177482" level="INFO">${RESPOSTA} = {'message': 'Este email já está sendo usado'}</msg>
<arg>${RESPOSTA}</arg>
<arg>${resposta.json()}</arg>
<doc>Makes a variable available everywhere within the scope of the current test.</doc>
<status status="PASS" start="2024-11-15T09:56:41.175486" elapsed="0.002996"/>
</kw>
<arg>email=${EMAIL_TESTE}</arg>
<arg>status_code_desejado=400</arg>
<status status="PASS" start="2024-11-15T09:56:40.646722" elapsed="0.531760"/>
</kw>
<status status="PASS" start="2024-11-15T09:56:40.645723" elapsed="0.532759"/>
</kw>
<kw name="Verificar se API não permitiu o cadastro repetido" owner="api_teste_usuarios">
<kw name="Dictionary Should Contain Item" owner="Collections">
<msg time="2024-11-15T09:56:41.181503" level="INFO">False
False</msg>
<arg>${RESPOSTA}</arg>
<arg>message</arg>
<arg>Este email já está sendo usado</arg>
<doc>An item of ``key`` / ``value`` must be found in a ``dictionary``.</doc>
<status status="PASS" start="2024-11-15T09:56:41.180475" elapsed="0.001028"/>
</kw>
<status status="PASS" start="2024-11-15T09:56:41.179475" elapsed="0.002028"/>
</kw>
<status status="PASS" start="2024-11-15T09:56:40.120144" elapsed="1.063319"/>
</test>
<status status="PASS" start="2024-11-15T09:56:39.990536" elapsed="1.195919"/>
</suite>
<status status="PASS" start="2024-11-15T09:56:39.987544" elapsed="1.201700"/>
</suite>
<status status="PASS" start="2024-11-15T09:56:39.959077" elapsed="1.233161"/>
</suite>
<statistics>
<total>
<stat pass="1" fail="0" skip="0">All Tests</stat>
</total>
<tag>
</tag>
<suite>
<stat pass="1" fail="0" skip="0" id="s1" name="TesteAPI">TesteAPI</stat>
<stat pass="1" fail="0" skip="0" id="s1-s1" name="Testes">TesteAPI.Testes</stat>
<stat pass="1" fail="0" skip="0" id="s1-s1-s1" name="Api Teste Usuarios">TesteAPI.Testes.Api Teste Usuarios</stat>
</suite>
</statistics>
<errors>
</errors>
</robot>
